<?xml version="1.0" encoding="UTF-8"?>
<robot generator="Robot 5.0 (Python 3.10.1 on win32)" generated="20220525 22:26:16.420" rpa="false" schemaversion="3">
<suite id="s1" name="Valid Login" source="C:\Users\KA270772\Downloads\WebDemo-master\WebDemo-master\login_tests\valid_login.robot">
<test id="s1-t1" name="Valid Login" line="9">
<kw name="Open Browser To Login Page" library="resource">
<kw name="Open Browser" library="SeleniumLibrary">
<arg>${LOGIN URL}</arg>
<arg>${BROWSER}</arg>
<doc>Opens a new browser instance to the optional ``url``.</doc>
<msg timestamp="20220525 22:26:17.011" level="INFO">Opening browser 'Firefox' to base url 'http://localhost:7272/'.</msg>
<msg timestamp="20220525 22:26:17.014" level="INFO">Firefox driver log is always forced to to: C:\Users\KA270772\Downloads\WebDemo-master\WebDemo-master\login_tests\geckodriver-3.log</msg>
<msg timestamp="20220525 22:26:20.001" level="INFO">Cannot capture screenshot because no browser is open.</msg>
<msg timestamp="20220525 22:26:20.002" level="FAIL">WebDriverException: Message: Service geckodriver unexpectedly exited. Status code was: 1
</msg>
<status status="FAIL" starttime="20220525 22:26:17.010" endtime="20220525 22:26:20.011"/>
</kw>
<kw name="Maximize Browser Window" library="SeleniumLibrary">
<doc>Maximizes current browser window.</doc>
<status status="NOT RUN" starttime="20220525 22:26:20.011" endtime="20220525 22:26:20.011"/>
</kw>
<kw name="Set Selenium Speed" library="SeleniumLibrary">
<arg>${DELAY}</arg>
<doc>Sets the delay that is waited after each Selenium command.</doc>
<status status="NOT RUN" starttime="20220525 22:26:20.012" endtime="20220525 22:26:20.012"/>
</kw>
<kw name="Login Page Should Be Open" library="resource">
<status status="NOT RUN" starttime="20220525 22:26:20.012" endtime="20220525 22:26:20.012"/>
</kw>
<status status="FAIL" starttime="20220525 22:26:17.009" endtime="20220525 22:26:20.013"/>
</kw>
<kw name="Input Username" library="resource">
<arg>demo</arg>
<status status="NOT RUN" starttime="20220525 22:26:20.014" endtime="20220525 22:26:20.014"/>
</kw>
<kw name="Input Password" library="resource">
<arg>mode</arg>
<status status="NOT RUN" starttime="20220525 22:26:20.015" endtime="20220525 22:26:20.015"/>
</kw>
<kw name="Submit Credentials" library="resource">
<status status="NOT RUN" starttime="20220525 22:26:20.016" endtime="20220525 22:26:20.016"/>
</kw>
<kw name="Welcome Page Should Be Open" library="resource">
<status status="NOT RUN" starttime="20220525 22:26:20.017" endtime="20220525 22:26:20.017"/>
</kw>
<kw name="Close Browser" library="SeleniumLibrary" type="TEARDOWN">
<doc>Closes the current browser.</doc>
<status status="PASS" starttime="20220525 22:26:20.018" endtime="20220525 22:26:20.018"/>
</kw>
<status status="FAIL" starttime="20220525 22:26:17.005" endtime="20220525 22:26:20.019">WebDriverException: Message: Service geckodriver unexpectedly exited. Status code was: 1
</status>
</test>
<doc>A test suite with a single test for valid login.

This test has a workflow that is created using keywords in
the imported resource file.</doc>
<status status="FAIL" starttime="20220525 22:26:16.426" endtime="20220525 22:26:20.024"/>
</suite>
<statistics>
<total>
<stat pass="0" fail="1" skip="0">All Tests</stat>
</total>
<tag>
</tag>
<suite>
<stat pass="0" fail="1" skip="0" id="s1" name="Valid Login">Valid Login</stat>
</suite>
</statistics>
<errors>
</errors>
</robot>
